<?xml version="1.0" encoding="UTF-8"?>
<!-- Generated by org.testng.reporters.JUnitReportReporter -->
<testsuite hostname="LAPTOP-1A1SGFLK" name="day1.LearnAnnonation" tests="1" failures="0" timestamp="20 May 2017 07:47:26 GMT" time="15.104" errors="1">
  <testcase name="main1" time="15.104" classname="day1.LearnAnnonation">
    <error type="org.testng.internal.thread.ThreadTimeoutException" message="Method org.testng.internal.TestNGMethod.main1() didn&#039;t finish within the time-out 15000">
      <![CDATA[org.testng.internal.thread.ThreadTimeoutException: Method org.testng.internal.TestNGMethod.main1() didn't finish within the time-out 15000
]]>
    </error>
  </testcase> <!-- main1 -->
</testsuite> <!-- day1.LearnAnnonation -->
