<?xml version="1.0" encoding="UTF-8"?>
<!-- Generated by org.testng.reporters.JUnitReportReporter -->
<testsuite hostname="LAPTOP-1A1SGFLK" name="project1.EditLead" tests="1" failures="0" timestamp="25 May 2017 03:49:49 GMT" time="73.336" errors="0">
  <testcase name="editLead1" time="73.336" classname="project1.EditLead"/>
</testsuite> <!-- project1.EditLead -->
