<?xml version="1.0" encoding="UTF-8"?>
<!-- Generated by org.testng.reporters.JUnitReportReporter -->
<testsuite hostname="LAPTOP-1A1SGFLK" name="project1.DuplicateLead" tests="1" failures="0" timestamp="25 May 2017 03:49:49 GMT" time="143.382" errors="0">
  <testcase name="duplicateLead1" time="143.382" classname="project1.DuplicateLead"/>
</testsuite> <!-- project1.DuplicateLead -->
