<?xml version="1.0" encoding="UTF-8"?>
<!-- Generated by org.testng.reporters.JUnitReportReporter -->
<testsuite hostname="LAPTOP-1A1SGFLK" name="day9and10.LearnReport" tests="1" failures="0" timestamp="27 May 2017 07:26:08 GMT" time="2.860" errors="0">
  <testcase name="sample" time="2.860" classname="day9and10.LearnReport"/>
</testsuite> <!-- day9and10.LearnReport -->
