<?xml version="1.0" encoding="UTF-8"?>
<!-- Generated by org.testng.reporters.JUnitReportReporter -->
<testsuite hostname="LAPTOP-1A1SGFLK" name="day6and7.LearnAnnonation2" tests="4" failures="0" timestamp="24 May 2017 16:17:14 GMT" time="0.106" errors="0">
  <testcase name="d" time="0.015" classname="day6and7.LearnAnnonation2"/>
  <testcase name="a" time="0.065" classname="day6and7.LearnAnnonation2"/>
  <testcase name="b" time="0.011" classname="day6and7.LearnAnnonation2"/>
  <testcase name="c" time="0.015" classname="day6and7.LearnAnnonation2"/>
</testsuite> <!-- day6and7.LearnAnnonation2 -->
